<?xml version="1.0" encoding="UTF-8"?>
<testsuite xmlns:xsi="http://www.w3.org/2001/XMLSchema-instance" xsi:noNamespaceSchemaLocation="https://maven.apache.org/surefire/maven-surefire-plugin/xsd/surefire-test-report-3.0.xsd" version="3.0" name="com.cg.project.MainClassTest" time="0.111" tests="3" errors="0" skipped="0" failures="2">
  <properties>
[...]
</properties>
  <testcase name="test1" classname="com.cg.project.MainClassTest" time="0.017">
    <failure message="test1 has fail" type="java.lang.AssertionError"><![CDATA[java.lang.AssertionError: test1 has fail
	at com.cg.project.MainClassTest.test1(MainClassTest.java:13)
]]></failure>
  </testcase>
  <testcase name="test2" classname="com.cg.project.MainClassTest" time="0"/>
  <testcase name="test3" classname="com.cg.project.MainClassTest" time="0">
    <failure message="test1 has fail" type="java.lang.AssertionError"><![CDATA[java.lang.AssertionError: test1 has fail
	at com.cg.project.MainClassTest.test3(MainClassTest.java:22)
]]></failure>
  </testcase>
</testsuite>